have_func: checking for strlcpy() in string.h... -------------------- no

"gcc -o conftest -I/home/vagrant/.rvm/rubies/ruby-2.0.0-p247/include/ruby-2.0.0/i686-linux -I/home/vagrant/.rvm/rubies/ruby-2.0.0-p247/include/ruby-2.0.0/ruby/backward -I/home/vagrant/.rvm/rubies/ruby-2.0.0-p247/include/ruby-2.0.0 -I.  -D_FILE_OFFSET_BITS=64  -g -O2 -Wall -Werror conftest.c  -L. -L/home/vagrant/.rvm/rubies/ruby-2.0.0-p247/lib -Wl,-R/home/vagrant/.rvm/rubies/ruby-2.0.0-p247/lib -L. -fstack-protector -rdynamic -Wl,-export-dynamic     -Wl,-R -Wl,/home/vagrant/.rvm/rubies/ruby-2.0.0-p247/lib -L/home/vagrant/.rvm/rubies/ruby-2.0.0-p247/lib -lruby  -lpthread -lrt -ldl -lcrypt -lm   -lc"
checked program was:
/* begin */
1: #include "ruby.h"
2: 
3: int main(int argc, char **argv)
4: {
5:   return 0;
6: }
/* end */

"gcc -o conftest -I/home/vagrant/.rvm/rubies/ruby-2.0.0-p247/include/ruby-2.0.0/i686-linux -I/home/vagrant/.rvm/rubies/ruby-2.0.0-p247/include/ruby-2.0.0/ruby/backward -I/home/vagrant/.rvm/rubies/ruby-2.0.0-p247/include/ruby-2.0.0 -I.  -D_FILE_OFFSET_BITS=64  -g -O2 -Wall -Werror conftest.c  -L. -L/home/vagrant/.rvm/rubies/ruby-2.0.0-p247/lib -Wl,-R/home/vagrant/.rvm/rubies/ruby-2.0.0-p247/lib -L. -fstack-protector -rdynamic -Wl,-export-dynamic     -Wl,-R -Wl,/home/vagrant/.rvm/rubies/ruby-2.0.0-p247/lib -L/home/vagrant/.rvm/rubies/ruby-2.0.0-p247/lib -lruby  -lpthread -lrt -ldl -lcrypt -lm   -lc"
conftest.c: In function 't':
conftest.c:7:32: error: variable 'p' set but not used [-Werror=unused-but-set-variable]
cc1: all warnings being treated as errors
checked program was:
/* begin */
 1: #include "ruby.h"
 2: 
 3: #include <string.h>
 4: 
 5: /*top*/
 6: extern int t(void);
 7: int t(void) { void ((*volatile p)()); p = (void ((*)()))strlcpy; return 0; }
 8: int main(int argc, char **argv)
 9: {
10:   if (argc > 1000000) {
11:     printf("%p", &t);
12:   }
13: 
14:   return 0;
15: }
/* end */

"gcc -o conftest -I/home/vagrant/.rvm/rubies/ruby-2.0.0-p247/include/ruby-2.0.0/i686-linux -I/home/vagrant/.rvm/rubies/ruby-2.0.0-p247/include/ruby-2.0.0/ruby/backward -I/home/vagrant/.rvm/rubies/ruby-2.0.0-p247/include/ruby-2.0.0 -I.  -D_FILE_OFFSET_BITS=64  -g -O2 -Wall -Werror conftest.c  -L. -L/home/vagrant/.rvm/rubies/ruby-2.0.0-p247/lib -Wl,-R/home/vagrant/.rvm/rubies/ruby-2.0.0-p247/lib -L. -fstack-protector -rdynamic -Wl,-export-dynamic     -Wl,-R -Wl,/home/vagrant/.rvm/rubies/ruby-2.0.0-p247/lib -L/home/vagrant/.rvm/rubies/ruby-2.0.0-p247/lib -lruby  -lpthread -lrt -ldl -lcrypt -lm   -lc"
conftest.c: In function 't':
conftest.c:7:1: error: too few arguments to function 'strlcpy'
/home/vagrant/.rvm/rubies/ruby-2.0.0-p247/include/ruby-2.0.0/ruby/missing.h:204:20: note: declared here
checked program was:
/* begin */
 1: #include "ruby.h"
 2: 
 3: #include <string.h>
 4: 
 5: /*top*/
 6: extern int t(void);
 7: int t(void) { strlcpy(); return 0; }
 8: int main(int argc, char **argv)
 9: {
10:   if (argc > 1000000) {
11:     printf("%p", &t);
12:   }
13: 
14:   return 0;
15: }
/* end */

--------------------

